{"/Users/manuelgeek/Laravel/Tests/todo-laravel-vue-app/resources/js/components/HelloWorld.vue": {"path":"/Users/manuelgeek/Laravel/Tests/todo-laravel-vue-app/resources/js/components/HelloWorld.vue","statementMap":{"0":{"start":{"line":8,"column":15},"end":{"line":8,"column":null}}},"fnMap":{},"branchMap":{},"s":{"0":1},"f":{},"b":{}}
,"/Users/manuelgeek/Laravel/Tests/todo-laravel-vue-app/resources/js/composables/category.js": {"path":"/Users/manuelgeek/Laravel/Tests/todo-laravel-vue-app/resources/js/composables/category.js","statementMap":{"0":{"start":{"line":6,"column":15},"end":{"line":8,"column":4}},"1":{"start":{"line":10,"column":25},"end":{"line":10,"column":32}},"2":{"start":{"line":11,"column":18},"end":{"line":11,"column":28}},"3":{"start":{"line":12,"column":16},"end":{"line":12,"column":26}},"4":{"start":{"line":14,"column":25},"end":{"line":28,"column":3}},"5":{"start":{"line":15,"column":4},"end":{"line":15,"column":25}},"6":{"start":{"line":16,"column":4},"end":{"line":16,"column":30}},"7":{"start":{"line":17,"column":4},"end":{"line":27,"column":9}},"8":{"start":{"line":19,"column":8},"end":{"line":19,"column":70}},"9":{"start":{"line":20,"column":8},"end":{"line":20,"column":30}},"10":{"start":{"line":21,"column":8},"end":{"line":21,"column":23}},"11":{"start":{"line":23,"column":8},"end":{"line":25,"column":9}},"12":{"start":{"line":24,"column":10},"end":{"line":24,"column":60}},"13":{"start":{"line":26,"column":8},"end":{"line":26,"column":30}},"14":{"start":{"line":30,"column":25},"end":{"line":32,"column":3}},"15":{"start":{"line":31,"column":4},"end":{"line":31,"column":58}},"16":{"start":{"line":34,"column":2},"end":{"line":40,"column":4}}},"fnMap":{"0":{"name":"category","decl":{"start":{"line":5,"column":24},"end":{"line":5,"column":32}},"loc":{"start":{"line":5,"column":35},"end":{"line":41,"column":1}},"line":5},"1":{"name":"(anonymous_1)","decl":{"start":{"line":14,"column":25},"end":{"line":14,"column":26}},"loc":{"start":{"line":14,"column":37},"end":{"line":28,"column":3}},"line":14},"2":{"name":"(anonymous_2)","decl":{"start":{"line":18,"column":12},"end":{"line":18,"column":13}},"loc":{"start":{"line":18,"column":26},"end":{"line":22,"column":7}},"line":18},"3":{"name":"(anonymous_3)","decl":{"start":{"line":22,"column":15},"end":{"line":22,"column":16}},"loc":{"start":{"line":22,"column":26},"end":{"line":27,"column":7}},"line":22},"4":{"name":"(anonymous_4)","decl":{"start":{"line":30,"column":25},"end":{"line":30,"column":26}},"loc":{"start":{"line":30,"column":41},"end":{"line":32,"column":3}},"line":30}},"branchMap":{"0":{"loc":{"start":{"line":23,"column":8},"end":{"line":25,"column":9}},"type":"if","locations":[{"start":{"line":23,"column":8},"end":{"line":25,"column":9}},{"start":{"line":23,"column":8},"end":{"line":25,"column":9}}],"line":23},"1":{"loc":{"start":{"line":23,"column":12},"end":{"line":23,"column":59}},"type":"binary-expr","locations":[{"start":{"line":23,"column":12},"end":{"line":23,"column":26}},{"start":{"line":23,"column":30},"end":{"line":23,"column":59}}],"line":23}},"s":{"0":2,"1":2,"2":2,"3":2,"4":2,"5":0,"6":0,"7":0,"8":0,"9":0,"10":0,"11":0,"12":0,"13":0,"14":2,"15":0,"16":2},"f":{"0":2,"1":0,"2":0,"3":0,"4":0},"b":{"0":[0,0],"1":[0,0]},"_coverageSchema":"1a1c01bbd47fc00a2c39e90264f33305004495a9","hash":"145eef1c307670b798ae2e56ff1e57de7175419f"}
,"/Users/manuelgeek/Laravel/Tests/todo-laravel-vue-app/resources/js/composables/taskComments.js": {"path":"/Users/manuelgeek/Laravel/Tests/todo-laravel-vue-app/resources/js/composables/taskComments.js","statementMap":{"0":{"start":{"line":6,"column":16},"end":{"line":6,"column":26}},"1":{"start":{"line":7,"column":15},"end":{"line":9,"column":4}},"2":{"start":{"line":10,"column":25},"end":{"line":10,"column":32}},"3":{"start":{"line":11,"column":18},"end":{"line":11,"column":28}},"4":{"start":{"line":12,"column":19},"end":{"line":12,"column":65}},"5":{"start":{"line":14,"column":19},"end":{"line":14,"column":23}},"6":{"start":{"line":16,"column":22},"end":{"line":20,"column":3}},"7":{"start":{"line":17,"column":4},"end":{"line":19,"column":7}},"8":{"start":{"line":18,"column":6},"end":{"line":18,"column":46}},"9":{"start":{"line":22,"column":24},"end":{"line":36,"column":3}},"10":{"start":{"line":23,"column":4},"end":{"line":23,"column":25}},"11":{"start":{"line":24,"column":4},"end":{"line":24,"column":30}},"12":{"start":{"line":25,"column":4},"end":{"line":35,"column":9}},"13":{"start":{"line":27,"column":8},"end":{"line":27,"column":54}},"14":{"start":{"line":28,"column":8},"end":{"line":28,"column":30}},"15":{"start":{"line":29,"column":8},"end":{"line":29,"column":23}},"16":{"start":{"line":31,"column":8},"end":{"line":33,"column":9}},"17":{"start":{"line":32,"column":10},"end":{"line":32,"column":60}},"18":{"start":{"line":34,"column":8},"end":{"line":34,"column":30}},"19":{"start":{"line":38,"column":24},"end":{"line":43,"column":3}},"20":{"start":{"line":39,"column":4},"end":{"line":42,"column":9}},"21":{"start":{"line":41,"column":8},"end":{"line":41,"column":67}},"22":{"start":{"line":41,"column":54},"end":{"line":41,"column":65}},"23":{"start":{"line":45,"column":2},"end":{"line":53,"column":4}}},"fnMap":{"0":{"name":"taskComments","decl":{"start":{"line":5,"column":24},"end":{"line":5,"column":36}},"loc":{"start":{"line":5,"column":43},"end":{"line":54,"column":1}},"line":5},"1":{"name":"(anonymous_1)","decl":{"start":{"line":16,"column":22},"end":{"line":16,"column":23}},"loc":{"start":{"line":16,"column":28},"end":{"line":20,"column":3}},"line":16},"2":{"name":"(anonymous_2)","decl":{"start":{"line":17,"column":46},"end":{"line":17,"column":47}},"loc":{"start":{"line":17,"column":60},"end":{"line":19,"column":5}},"line":17},"3":{"name":"(anonymous_3)","decl":{"start":{"line":22,"column":24},"end":{"line":22,"column":25}},"loc":{"start":{"line":22,"column":36},"end":{"line":36,"column":3}},"line":22},"4":{"name":"(anonymous_4)","decl":{"start":{"line":26,"column":12},"end":{"line":26,"column":13}},"loc":{"start":{"line":26,"column":26},"end":{"line":30,"column":7}},"line":26},"5":{"name":"(anonymous_5)","decl":{"start":{"line":30,"column":15},"end":{"line":30,"column":16}},"loc":{"start":{"line":30,"column":26},"end":{"line":35,"column":7}},"line":30},"6":{"name":"(anonymous_6)","decl":{"start":{"line":38,"column":24},"end":{"line":38,"column":25}},"loc":{"start":{"line":38,"column":38},"end":{"line":43,"column":3}},"line":38},"7":{"name":"(anonymous_7)","decl":{"start":{"line":40,"column":12},"end":{"line":40,"column":13}},"loc":{"start":{"line":40,"column":18},"end":{"line":42,"column":7}},"line":40},"8":{"name":"(anonymous_8)","decl":{"start":{"line":41,"column":47},"end":{"line":41,"column":48}},"loc":{"start":{"line":41,"column":54},"end":{"line":41,"column":65}},"line":41}},"branchMap":{"0":{"loc":{"start":{"line":12,"column":23},"end":{"line":12,"column":64}},"type":"cond-expr","locations":[{"start":{"line":12,"column":46},"end":{"line":12,"column":59}},{"start":{"line":12,"column":62},"end":{"line":12,"column":64}}],"line":12},"1":{"loc":{"start":{"line":31,"column":8},"end":{"line":33,"column":9}},"type":"if","locations":[{"start":{"line":31,"column":8},"end":{"line":33,"column":9}},{"start":{"line":31,"column":8},"end":{"line":33,"column":9}}],"line":31},"2":{"loc":{"start":{"line":31,"column":12},"end":{"line":31,"column":59}},"type":"binary-expr","locations":[{"start":{"line":31,"column":12},"end":{"line":31,"column":26}},{"start":{"line":31,"column":30},"end":{"line":31,"column":59}}],"line":31}},"s":{"0":14,"1":14,"2":14,"3":14,"4":14,"5":14,"6":14,"7":0,"8":0,"9":14,"10":0,"11":0,"12":0,"13":0,"14":0,"15":0,"16":0,"17":0,"18":0,"19":14,"20":0,"21":0,"22":0,"23":14},"f":{"0":14,"1":0,"2":0,"3":0,"4":0,"5":0,"6":0,"7":0,"8":0},"b":{"0":[0,14],"1":[0,0],"2":[0,0]},"_coverageSchema":"1a1c01bbd47fc00a2c39e90264f33305004495a9","hash":"304ee6abd7ab6a99170460cd677d2fc360f1838d"}
,"/Users/manuelgeek/Laravel/Tests/todo-laravel-vue-app/resources/js/composables/tasks.js": {"path":"/Users/manuelgeek/Laravel/Tests/todo-laravel-vue-app/resources/js/composables/tasks.js","statementMap":{"0":{"start":{"line":6,"column":15},"end":{"line":10,"column":4}},"1":{"start":{"line":12,"column":25},"end":{"line":12,"column":32}},"2":{"start":{"line":13,"column":18},"end":{"line":13,"column":28}},"3":{"start":{"line":14,"column":22},"end":{"line":14,"column":32}},"4":{"start":{"line":15,"column":16},"end":{"line":15,"column":26}},"5":{"start":{"line":17,"column":21},"end":{"line":33,"column":3}},"6":{"start":{"line":18,"column":4},"end":{"line":18,"column":25}},"7":{"start":{"line":19,"column":4},"end":{"line":19,"column":30}},"8":{"start":{"line":20,"column":4},"end":{"line":32,"column":9}},"9":{"start":{"line":22,"column":8},"end":{"line":22,"column":59}},"10":{"start":{"line":23,"column":8},"end":{"line":23,"column":30}},"11":{"start":{"line":24,"column":8},"end":{"line":24,"column":24}},"12":{"start":{"line":25,"column":8},"end":{"line":25,"column":29}},"13":{"start":{"line":26,"column":8},"end":{"line":26,"column":31}},"14":{"start":{"line":28,"column":8},"end":{"line":30,"column":9}},"15":{"start":{"line":29,"column":10},"end":{"line":29,"column":60}},"16":{"start":{"line":31,"column":8},"end":{"line":31,"column":30}},"17":{"start":{"line":35,"column":23},"end":{"line":37,"column":3}},"18":{"start":{"line":36,"column":4},"end":{"line":36,"column":65}},"19":{"start":{"line":39,"column":27},"end":{"line":41,"column":3}},"20":{"start":{"line":40,"column":4},"end":{"line":40,"column":57}},"21":{"start":{"line":43,"column":25},"end":{"line":45,"column":3}},"22":{"start":{"line":44,"column":4},"end":{"line":44,"column":51}},"23":{"start":{"line":47,"column":21},"end":{"line":47,"column":70}},"24":{"start":{"line":47,"column":36},"end":{"line":47,"column":69}},"25":{"start":{"line":49,"column":19},"end":{"line":58,"column":3}},"26":{"start":{"line":50,"column":4},"end":{"line":50,"column":29}},"27":{"start":{"line":51,"column":4},"end":{"line":57,"column":5}},"28":{"start":{"line":52,"column":6},"end":{"line":54,"column":9}},"29":{"start":{"line":53,"column":8},"end":{"line":53,"column":34}},"30":{"start":{"line":56,"column":6},"end":{"line":56,"column":32}},"31":{"start":{"line":61,"column":27},"end":{"line":63,"column":3}},"32":{"start":{"line":62,"column":4},"end":{"line":62,"column":70}},"33":{"start":{"line":65,"column":29},"end":{"line":67,"column":3}},"34":{"start":{"line":66,"column":4},"end":{"line":66,"column":68}},"35":{"start":{"line":69,"column":22},"end":{"line":71,"column":3}},"36":{"start":{"line":70,"column":4},"end":{"line":70,"column":53}},"37":{"start":{"line":73,"column":2},"end":{"line":87,"column":4}}},"fnMap":{"0":{"name":"tasks","decl":{"start":{"line":5,"column":24},"end":{"line":5,"column":29}},"loc":{"start":{"line":5,"column":32},"end":{"line":88,"column":1}},"line":5},"1":{"name":"(anonymous_1)","decl":{"start":{"line":17,"column":21},"end":{"line":17,"column":22}},"loc":{"start":{"line":17,"column":27},"end":{"line":33,"column":3}},"line":17},"2":{"name":"(anonymous_2)","decl":{"start":{"line":21,"column":12},"end":{"line":21,"column":13}},"loc":{"start":{"line":21,"column":26},"end":{"line":27,"column":7}},"line":21},"3":{"name":"(anonymous_3)","decl":{"start":{"line":27,"column":15},"end":{"line":27,"column":16}},"loc":{"start":{"line":27,"column":26},"end":{"line":32,"column":7}},"line":27},"4":{"name":"(anonymous_4)","decl":{"start":{"line":35,"column":23},"end":{"line":35,"column":24}},"loc":{"start":{"line":35,"column":47},"end":{"line":37,"column":3}},"line":35},"5":{"name":"(anonymous_5)","decl":{"start":{"line":39,"column":27},"end":{"line":39,"column":28}},"loc":{"start":{"line":39,"column":43},"end":{"line":41,"column":3}},"line":39},"6":{"name":"(anonymous_6)","decl":{"start":{"line":43,"column":25},"end":{"line":43,"column":26}},"loc":{"start":{"line":43,"column":41},"end":{"line":45,"column":3}},"line":43},"7":{"name":"(anonymous_7)","decl":{"start":{"line":47,"column":30},"end":{"line":47,"column":31}},"loc":{"start":{"line":47,"column":36},"end":{"line":47,"column":69}},"line":47},"8":{"name":"(anonymous_8)","decl":{"start":{"line":49,"column":19},"end":{"line":49,"column":20}},"loc":{"start":{"line":49,"column":31},"end":{"line":58,"column":3}},"line":49},"9":{"name":"(anonymous_9)","decl":{"start":{"line":52,"column":87},"end":{"line":52,"column":88}},"loc":{"start":{"line":52,"column":93},"end":{"line":54,"column":7}},"line":52},"10":{"name":"(anonymous_10)","decl":{"start":{"line":61,"column":27},"end":{"line":61,"column":28}},"loc":{"start":{"line":61,"column":45},"end":{"line":63,"column":3}},"line":61},"11":{"name":"(anonymous_11)","decl":{"start":{"line":65,"column":29},"end":{"line":65,"column":30}},"loc":{"start":{"line":65,"column":43},"end":{"line":67,"column":3}},"line":65},"12":{"name":"(anonymous_12)","decl":{"start":{"line":69,"column":22},"end":{"line":69,"column":23}},"loc":{"start":{"line":69,"column":39},"end":{"line":71,"column":3}},"line":69}},"branchMap":{"0":{"loc":{"start":{"line":28,"column":8},"end":{"line":30,"column":9}},"type":"if","locations":[{"start":{"line":28,"column":8},"end":{"line":30,"column":9}},{"start":{"line":28,"column":8},"end":{"line":30,"column":9}}],"line":28},"1":{"loc":{"start":{"line":28,"column":12},"end":{"line":28,"column":59}},"type":"binary-expr","locations":[{"start":{"line":28,"column":12},"end":{"line":28,"column":26}},{"start":{"line":28,"column":30},"end":{"line":28,"column":59}}],"line":28},"2":{"loc":{"start":{"line":51,"column":4},"end":{"line":57,"column":5}},"type":"if","locations":[{"start":{"line":51,"column":4},"end":{"line":57,"column":5}},{"start":{"line":51,"column":4},"end":{"line":57,"column":5}}],"line":51}},"s":{"0":8,"1":8,"2":8,"3":8,"4":8,"5":8,"6":2,"7":2,"8":2,"9":1,"10":1,"11":1,"12":1,"13":1,"14":1,"15":1,"16":1,"17":8,"18":0,"19":8,"20":0,"21":8,"22":0,"23":8,"24":4,"25":8,"26":0,"27":0,"28":0,"29":0,"30":0,"31":8,"32":0,"33":8,"34":0,"35":8,"36":0,"37":8},"f":{"0":8,"1":2,"2":1,"3":1,"4":0,"5":0,"6":0,"7":4,"8":0,"9":0,"10":0,"11":0,"12":0},"b":{"0":[1,0],"1":[1,1],"2":[0,0]},"_coverageSchema":"1a1c01bbd47fc00a2c39e90264f33305004495a9","hash":"d9e6affd178d442d2eb0341f79e2ea0b9844a5d6"}
,"/Users/manuelgeek/Laravel/Tests/todo-laravel-vue-app/resources/js/layouts/Guest.vue": {"path":"/Users/manuelgeek/Laravel/Tests/todo-laravel-vue-app/resources/js/layouts/Guest.vue","statementMap":{"0":{"start":{"line":19,"column":15},"end":{"line":19,"column":null}},"1":{"start":{"line":22,"column":20},"end":{"line":22,"column":null}},"2":{"start":{"line":23,"column":4},"end":{"line":23,"column":11}}},"fnMap":{"0":{"name":"(anonymous_0)","decl":{"start":{"line":21,"column":2},"end":{"line":21,"column":7}},"loc":{"start":{"line":21,"column":10},"end":{"line":26,"column":null}}}},"branchMap":{},"s":{"0":1,"1":3,"2":3},"f":{"0":3},"b":{}}
,"/Users/manuelgeek/Laravel/Tests/todo-laravel-vue-app/resources/js/plugins/axios.js": {"path":"/Users/manuelgeek/Laravel/Tests/todo-laravel-vue-app/resources/js/plugins/axios.js","statementMap":{"0":{"start":{"line":5,"column":0},"end":{"line":13,"column":3}},"1":{"start":{"line":6,"column":2},"end":{"line":6,"column":46}},"2":{"start":{"line":7,"column":2},"end":{"line":7,"column":20}},"3":{"start":{"line":8,"column":2},"end":{"line":8,"column":32}},"4":{"start":{"line":9,"column":2},"end":{"line":9,"column":63}},"5":{"start":{"line":10,"column":2},"end":{"line":10,"column":29}},"6":{"start":{"line":12,"column":2},"end":{"line":12,"column":16}},"7":{"start":{"line":15,"column":0},"end":{"line":18,"column":3}},"8":{"start":{"line":16,"column":2},"end":{"line":16,"column":19}},"9":{"start":{"line":17,"column":2},"end":{"line":17,"column":18}},"10":{"start":{"line":20,"column":0},"end":{"line":37,"column":3}},"11":{"start":{"line":21,"column":2},"end":{"line":21,"column":19}},"12":{"start":{"line":22,"column":2},"end":{"line":35,"column":3}},"13":{"start":{"line":27,"column":4},"end":{"line":29,"column":5}},"14":{"start":{"line":30,"column":4},"end":{"line":32,"column":5}},"15":{"start":{"line":36,"column":2},"end":{"line":36,"column":31}}},"fnMap":{"0":{"name":"(anonymous_0)","decl":{"start":{"line":5,"column":31},"end":{"line":5,"column":32}},"loc":{"start":{"line":5,"column":49},"end":{"line":13,"column":1}},"line":5},"1":{"name":"(anonymous_1)","decl":{"start":{"line":15,"column":32},"end":{"line":15,"column":33}},"loc":{"start":{"line":15,"column":46},"end":{"line":18,"column":1}},"line":15},"2":{"name":"(anonymous_2)","decl":{"start":{"line":20,"column":38},"end":{"line":20,"column":39}},"loc":{"start":{"line":20,"column":55},"end":{"line":37,"column":1}},"line":20}},"branchMap":{"0":{"loc":{"start":{"line":22,"column":2},"end":{"line":35,"column":3}},"type":"if","locations":[{"start":{"line":22,"column":2},"end":{"line":35,"column":3}},{"start":{"line":22,"column":2},"end":{"line":35,"column":3}}],"line":22},"1":{"loc":{"start":{"line":27,"column":4},"end":{"line":29,"column":5}},"type":"if","locations":[{"start":{"line":27,"column":4},"end":{"line":29,"column":5}},{"start":{"line":27,"column":4},"end":{"line":29,"column":5}}],"line":27},"2":{"loc":{"start":{"line":30,"column":4},"end":{"line":32,"column":5}},"type":"if","locations":[{"start":{"line":30,"column":4},"end":{"line":32,"column":5}},{"start":{"line":30,"column":4},"end":{"line":32,"column":5}}],"line":30},"3":{"loc":{"start":{"line":30,"column":8},"end":{"line":30,"column":103}},"type":"binary-expr","locations":[{"start":{"line":30,"column":8},"end":{"line":30,"column":37}},{"start":{"line":30,"column":41},"end":{"line":30,"column":70}},{"start":{"line":30,"column":74},"end":{"line":30,"column":103}}],"line":30}},"s":{"0":4,"1":11,"2":11,"3":11,"4":11,"5":11,"6":11,"7":4,"8":5,"9":5,"10":4,"11":5,"12":5,"13":5,"14":5,"15":5},"f":{"0":11,"1":5,"2":5},"b":{"0":[5,0],"1":[3,2],"2":[0,5],"3":[5,5,5]},"_coverageSchema":"1a1c01bbd47fc00a2c39e90264f33305004495a9","hash":"cb443f970abcf6d15a4faa4e63b24fc775d41511"}
,"/Users/manuelgeek/Laravel/Tests/todo-laravel-vue-app/resources/js/router/index.js": {"path":"/Users/manuelgeek/Laravel/Tests/todo-laravel-vue-app/resources/js/router/index.js","statementMap":{"0":{"start":{"line":6,"column":27},"end":{"line":12,"column":1}},"1":{"start":{"line":7,"column":2},"end":{"line":11,"column":3}},"2":{"start":{"line":8,"column":4},"end":{"line":10,"column":7}},"3":{"start":{"line":9,"column":6},"end":{"line":9,"column":65}},"4":{"start":{"line":14,"column":24},"end":{"line":22,"column":1}},"5":{"start":{"line":15,"column":2},"end":{"line":18,"column":3}},"6":{"start":{"line":16,"column":4},"end":{"line":16,"column":11}},"7":{"start":{"line":17,"column":4},"end":{"line":17,"column":11}},"8":{"start":{"line":19,"column":2},"end":{"line":21,"column":5}},"9":{"start":{"line":20,"column":4},"end":{"line":20,"column":68}},"10":{"start":{"line":24,"column":15},"end":{"line":46,"column":1}},"11":{"start":{"line":38,"column":21},"end":{"line":38,"column":82}},"12":{"start":{"line":44,"column":21},"end":{"line":44,"column":53}},"13":{"start":{"line":48,"column":15},"end":{"line":58,"column":2}},"14":{"start":{"line":52,"column":4},"end":{"line":54,"column":5}},"15":{"start":{"line":53,"column":6},"end":{"line":53,"column":35}},"16":{"start":{"line":55,"column":4},"end":{"line":55,"column":26}}},"fnMap":{"0":{"name":"(anonymous_0)","decl":{"start":{"line":6,"column":27},"end":{"line":6,"column":28}},"loc":{"start":{"line":6,"column":49},"end":{"line":12,"column":1}},"line":6},"1":{"name":"(anonymous_1)","decl":{"start":{"line":8,"column":40},"end":{"line":8,"column":41}},"loc":{"start":{"line":8,"column":46},"end":{"line":10,"column":5}},"line":8},"2":{"name":"(anonymous_2)","decl":{"start":{"line":14,"column":24},"end":{"line":14,"column":25}},"loc":{"start":{"line":14,"column":46},"end":{"line":22,"column":1}},"line":14},"3":{"name":"(anonymous_3)","decl":{"start":{"line":19,"column":38},"end":{"line":19,"column":39}},"loc":{"start":{"line":19,"column":44},"end":{"line":21,"column":3}},"line":19},"4":{"name":"(anonymous_4)","decl":{"start":{"line":38,"column":15},"end":{"line":38,"column":16}},"loc":{"start":{"line":38,"column":21},"end":{"line":38,"column":82}},"line":38},"5":{"name":"(anonymous_5)","decl":{"start":{"line":44,"column":15},"end":{"line":44,"column":16}},"loc":{"start":{"line":44,"column":21},"end":{"line":44,"column":53}},"line":44},"6":{"name":"(anonymous_6)","decl":{"start":{"line":51,"column":2},"end":{"line":51,"column":3}},"loc":{"start":{"line":51,"column":44},"end":{"line":56,"column":3}},"line":51}},"branchMap":{"0":{"loc":{"start":{"line":7,"column":2},"end":{"line":11,"column":3}},"type":"if","locations":[{"start":{"line":7,"column":2},"end":{"line":11,"column":3}},{"start":{"line":7,"column":2},"end":{"line":11,"column":3}}],"line":7},"1":{"loc":{"start":{"line":9,"column":6},"end":{"line":9,"column":64}},"type":"cond-expr","locations":[{"start":{"line":9,"column":46},"end":{"line":9,"column":55}},{"start":{"line":9,"column":58},"end":{"line":9,"column":64}}],"line":9},"2":{"loc":{"start":{"line":15,"column":2},"end":{"line":18,"column":3}},"type":"if","locations":[{"start":{"line":15,"column":2},"end":{"line":18,"column":3}},{"start":{"line":15,"column":2},"end":{"line":18,"column":3}}],"line":15},"3":{"loc":{"start":{"line":20,"column":4},"end":{"line":20,"column":67}},"type":"cond-expr","locations":[{"start":{"line":20,"column":44},"end":{"line":20,"column":50}},{"start":{"line":20,"column":53},"end":{"line":20,"column":67}}],"line":20},"4":{"loc":{"start":{"line":52,"column":4},"end":{"line":54,"column":5}},"type":"if","locations":[{"start":{"line":52,"column":4},"end":{"line":54,"column":5}},{"start":{"line":52,"column":4},"end":{"line":54,"column":5}}],"line":52}},"s":{"0":4,"1":2,"2":2,"3":1,"4":4,"5":5,"6":3,"7":3,"8":2,"9":2,"10":4,"11":1,"12":0,"13":4,"14":3,"15":0,"16":3},"f":{"0":2,"1":1,"2":5,"3":2,"4":1,"5":0,"6":3},"b":{"0":[2,0],"1":[0,1],"2":[3,2],"3":[0,2],"4":[0,3]},"_coverageSchema":"1a1c01bbd47fc00a2c39e90264f33305004495a9","hash":"58bc5ae3a29d3de50403aa0607658e984a292d1d"}
,"/Users/manuelgeek/Laravel/Tests/todo-laravel-vue-app/resources/js/store/index.js": {"path":"/Users/manuelgeek/Laravel/Tests/todo-laravel-vue-app/resources/js/store/index.js","statementMap":{},"fnMap":{},"branchMap":{},"s":{},"f":{},"b":{},"_coverageSchema":"1a1c01bbd47fc00a2c39e90264f33305004495a9","hash":"49cc34b1592fccb2475b9d51e6fe119df91c2b7d"}
,"/Users/manuelgeek/Laravel/Tests/todo-laravel-vue-app/resources/js/store/modules/auth.js": {"path":"/Users/manuelgeek/Laravel/Tests/todo-laravel-vue-app/resources/js/store/modules/auth.js","statementMap":{"0":{"start":{"line":4,"column":14},"end":{"line":7,"column":2}},"1":{"start":{"line":4,"column":21},"end":{"line":7,"column":1}},"2":{"start":{"line":9,"column":16},"end":{"line":12,"column":1}},"3":{"start":{"line":10,"column":30},"end":{"line":10,"column":49}},"4":{"start":{"line":11,"column":26},"end":{"line":11,"column":36}},"5":{"start":{"line":14,"column":18},"end":{"line":21,"column":1}},"6":{"start":{"line":16,"column":4},"end":{"line":16,"column":32}},"7":{"start":{"line":19,"column":4},"end":{"line":19,"column":23}},"8":{"start":{"line":23,"column":16},"end":{"line":41,"column":1}},"9":{"start":{"line":25,"column":4},"end":{"line":25,"column":38}},"10":{"start":{"line":26,"column":4},"end":{"line":26,"column":29}},"11":{"start":{"line":29,"column":4},"end":{"line":35,"column":7}},"12":{"start":{"line":30,"column":6},"end":{"line":30,"column":40}},"13":{"start":{"line":31,"column":6},"end":{"line":31,"column":45}},"14":{"start":{"line":33,"column":6},"end":{"line":33,"column":41}},"15":{"start":{"line":34,"column":6},"end":{"line":34,"column":29}},"16":{"start":{"line":38,"column":4},"end":{"line":38,"column":39}},"17":{"start":{"line":39,"column":4},"end":{"line":39,"column":27}}},"fnMap":{"0":{"name":"(anonymous_0)","decl":{"start":{"line":4,"column":14},"end":{"line":4,"column":15}},"loc":{"start":{"line":4,"column":21},"end":{"line":7,"column":1}},"line":4},"1":{"name":"(anonymous_1)","decl":{"start":{"line":10,"column":19},"end":{"line":10,"column":20}},"loc":{"start":{"line":10,"column":30},"end":{"line":10,"column":49}},"line":10},"2":{"name":"(anonymous_2)","decl":{"start":{"line":11,"column":15},"end":{"line":11,"column":16}},"loc":{"start":{"line":11,"column":26},"end":{"line":11,"column":36}},"line":11},"3":{"name":"(anonymous_3)","decl":{"start":{"line":15,"column":2},"end":{"line":15,"column":3}},"loc":{"start":{"line":15,"column":34},"end":{"line":17,"column":3}},"line":15},"4":{"name":"(anonymous_4)","decl":{"start":{"line":18,"column":2},"end":{"line":18,"column":3}},"loc":{"start":{"line":18,"column":25},"end":{"line":20,"column":3}},"line":18},"5":{"name":"(anonymous_5)","decl":{"start":{"line":24,"column":2},"end":{"line":24,"column":3}},"loc":{"start":{"line":24,"column":33},"end":{"line":27,"column":3}},"line":24},"6":{"name":"(anonymous_6)","decl":{"start":{"line":28,"column":2},"end":{"line":28,"column":3}},"loc":{"start":{"line":28,"column":22},"end":{"line":36,"column":3}},"line":28},"7":{"name":"(anonymous_7)","decl":{"start":{"line":29,"column":38},"end":{"line":29,"column":39}},"loc":{"start":{"line":29,"column":52},"end":{"line":32,"column":5}},"line":29},"8":{"name":"(anonymous_8)","decl":{"start":{"line":32,"column":13},"end":{"line":32,"column":14}},"loc":{"start":{"line":32,"column":19},"end":{"line":35,"column":5}},"line":32},"9":{"name":"(anonymous_9)","decl":{"start":{"line":37,"column":2},"end":{"line":37,"column":3}},"loc":{"start":{"line":37,"column":22},"end":{"line":40,"column":3}},"line":37}},"branchMap":{},"s":{"0":4,"1":4,"2":4,"3":10,"4":0,"5":4,"6":6,"7":6,"8":4,"9":3,"10":3,"11":4,"12":0,"13":0,"14":3,"15":3,"16":0,"17":0},"f":{"0":4,"1":10,"2":0,"3":6,"4":6,"5":3,"6":4,"7":0,"8":3,"9":0},"b":{},"_coverageSchema":"1a1c01bbd47fc00a2c39e90264f33305004495a9","hash":"73d38aa8f35a39f4b15d3b0a9593c516405397dd"}
,"/Users/manuelgeek/Laravel/Tests/todo-laravel-vue-app/resources/js/store/modules/category.js": {"path":"/Users/manuelgeek/Laravel/Tests/todo-laravel-vue-app/resources/js/store/modules/category.js","statementMap":{"0":{"start":{"line":4,"column":14},"end":{"line":6,"column":2}},"1":{"start":{"line":4,"column":21},"end":{"line":6,"column":1}},"2":{"start":{"line":8,"column":16},"end":{"line":10,"column":1}},"3":{"start":{"line":9,"column":25},"end":{"line":9,"column":41}},"4":{"start":{"line":12,"column":18},"end":{"line":22,"column":1}},"5":{"start":{"line":14,"column":4},"end":{"line":14,"column":29}},"6":{"start":{"line":17,"column":4},"end":{"line":17,"column":36}},"7":{"start":{"line":20,"column":4},"end":{"line":20,"column":71}},"8":{"start":{"line":20,"column":54},"end":{"line":20,"column":69}},"9":{"start":{"line":24,"column":16},"end":{"line":35,"column":1}},"10":{"start":{"line":26,"column":4},"end":{"line":28,"column":7}},"11":{"start":{"line":27,"column":6},"end":{"line":27,"column":57}},"12":{"start":{"line":31,"column":4},"end":{"line":33,"column":7}},"13":{"start":{"line":32,"column":6},"end":{"line":32,"column":38}}},"fnMap":{"0":{"name":"(anonymous_0)","decl":{"start":{"line":4,"column":14},"end":{"line":4,"column":15}},"loc":{"start":{"line":4,"column":21},"end":{"line":6,"column":1}},"line":4},"1":{"name":"(anonymous_1)","decl":{"start":{"line":9,"column":14},"end":{"line":9,"column":15}},"loc":{"start":{"line":9,"column":25},"end":{"line":9,"column":41}},"line":9},"2":{"name":"(anonymous_2)","decl":{"start":{"line":13,"column":2},"end":{"line":13,"column":3}},"loc":{"start":{"line":13,"column":31},"end":{"line":15,"column":3}},"line":13},"3":{"name":"(anonymous_3)","decl":{"start":{"line":16,"column":2},"end":{"line":16,"column":3}},"loc":{"start":{"line":16,"column":29},"end":{"line":18,"column":3}},"line":16},"4":{"name":"(anonymous_4)","decl":{"start":{"line":19,"column":2},"end":{"line":19,"column":3}},"loc":{"start":{"line":19,"column":31},"end":{"line":21,"column":3}},"line":19},"5":{"name":"(anonymous_5)","decl":{"start":{"line":20,"column":47},"end":{"line":20,"column":48}},"loc":{"start":{"line":20,"column":54},"end":{"line":20,"column":69}},"line":20},"6":{"name":"(anonymous_6)","decl":{"start":{"line":25,"column":2},"end":{"line":25,"column":3}},"loc":{"start":{"line":25,"column":28},"end":{"line":29,"column":3}},"line":25},"7":{"name":"(anonymous_7)","decl":{"start":{"line":26,"column":41},"end":{"line":26,"column":42}},"loc":{"start":{"line":26,"column":55},"end":{"line":28,"column":5}},"line":26},"8":{"name":"(anonymous_8)","decl":{"start":{"line":30,"column":2},"end":{"line":30,"column":3}},"loc":{"start":{"line":30,"column":35},"end":{"line":34,"column":3}},"line":30},"9":{"name":"(anonymous_9)","decl":{"start":{"line":31,"column":52},"end":{"line":31,"column":53}},"loc":{"start":{"line":31,"column":58},"end":{"line":33,"column":5}},"line":31}},"branchMap":{},"s":{"0":4,"1":4,"2":4,"3":9,"4":4,"5":1,"6":0,"7":0,"8":0,"9":4,"10":1,"11":1,"12":0,"13":0},"f":{"0":4,"1":9,"2":1,"3":0,"4":0,"5":0,"6":1,"7":1,"8":0,"9":0},"b":{},"_coverageSchema":"1a1c01bbd47fc00a2c39e90264f33305004495a9","hash":"04b7dcf231333cc51d69ce855edb43b1528a1ee4"}
,"/Users/manuelgeek/Laravel/Tests/todo-laravel-vue-app/resources/js/store/modules/tasks.js": {"path":"/Users/manuelgeek/Laravel/Tests/todo-laravel-vue-app/resources/js/store/modules/tasks.js","statementMap":{"0":{"start":{"line":4,"column":14},"end":{"line":7,"column":2}},"1":{"start":{"line":4,"column":21},"end":{"line":7,"column":1}},"2":{"start":{"line":9,"column":16},"end":{"line":12,"column":1}},"3":{"start":{"line":10,"column":20},"end":{"line":10,"column":31}},"4":{"start":{"line":11,"column":25},"end":{"line":11,"column":41}},"5":{"start":{"line":14,"column":18},"end":{"line":37,"column":1}},"6":{"start":{"line":16,"column":4},"end":{"line":16,"column":29}},"7":{"start":{"line":17,"column":4},"end":{"line":17,"column":39}},"8":{"start":{"line":20,"column":4},"end":{"line":20,"column":49}},"9":{"start":{"line":21,"column":4},"end":{"line":21,"column":39}},"10":{"start":{"line":24,"column":4},"end":{"line":24,"column":31}},"11":{"start":{"line":27,"column":18},"end":{"line":27,"column":68}},"12":{"start":{"line":27,"column":47},"end":{"line":27,"column":67}},"13":{"start":{"line":28,"column":4},"end":{"line":28,"column":44}},"14":{"start":{"line":31,"column":18},"end":{"line":31,"column":68}},"15":{"start":{"line":31,"column":47},"end":{"line":31,"column":67}},"16":{"start":{"line":32,"column":4},"end":{"line":32,"column":52}},"17":{"start":{"line":35,"column":4},"end":{"line":35,"column":61}},"18":{"start":{"line":35,"column":44},"end":{"line":35,"column":59}},"19":{"start":{"line":39,"column":16},"end":{"line":70,"column":1}},"20":{"start":{"line":41,"column":4},"end":{"line":43,"column":7}},"21":{"start":{"line":42,"column":6},"end":{"line":42,"column":41}},"22":{"start":{"line":46,"column":4},"end":{"line":48,"column":7}},"23":{"start":{"line":47,"column":6},"end":{"line":47,"column":41}},"24":{"start":{"line":51,"column":4},"end":{"line":53,"column":7}},"25":{"start":{"line":52,"column":6},"end":{"line":52,"column":44}},"26":{"start":{"line":56,"column":4},"end":{"line":58,"column":7}},"27":{"start":{"line":57,"column":6},"end":{"line":57,"column":55}},"28":{"start":{"line":61,"column":4},"end":{"line":63,"column":7}},"29":{"start":{"line":62,"column":6},"end":{"line":62,"column":59}},"30":{"start":{"line":66,"column":4},"end":{"line":68,"column":7}},"31":{"start":{"line":67,"column":6},"end":{"line":67,"column":34}}},"fnMap":{"0":{"name":"(anonymous_0)","decl":{"start":{"line":4,"column":14},"end":{"line":4,"column":15}},"loc":{"start":{"line":4,"column":21},"end":{"line":7,"column":1}},"line":4},"1":{"name":"(anonymous_1)","decl":{"start":{"line":10,"column":9},"end":{"line":10,"column":10}},"loc":{"start":{"line":10,"column":20},"end":{"line":10,"column":31}},"line":10},"2":{"name":"(anonymous_2)","decl":{"start":{"line":11,"column":14},"end":{"line":11,"column":15}},"loc":{"start":{"line":11,"column":25},"end":{"line":11,"column":41}},"line":11},"3":{"name":"(anonymous_3)","decl":{"start":{"line":15,"column":2},"end":{"line":15,"column":3}},"loc":{"start":{"line":15,"column":25},"end":{"line":18,"column":3}},"line":15},"4":{"name":"(anonymous_4)","decl":{"start":{"line":19,"column":2},"end":{"line":19,"column":3}},"loc":{"start":{"line":19,"column":28},"end":{"line":22,"column":3}},"line":19},"5":{"name":"(anonymous_5)","decl":{"start":{"line":23,"column":2},"end":{"line":23,"column":3}},"loc":{"start":{"line":23,"column":25},"end":{"line":25,"column":3}},"line":23},"6":{"name":"(anonymous_6)","decl":{"start":{"line":26,"column":2},"end":{"line":26,"column":3}},"loc":{"start":{"line":26,"column":34},"end":{"line":29,"column":3}},"line":26},"7":{"name":"(anonymous_7)","decl":{"start":{"line":27,"column":40},"end":{"line":27,"column":41}},"loc":{"start":{"line":27,"column":47},"end":{"line":27,"column":67}},"line":27},"8":{"name":"(anonymous_8)","decl":{"start":{"line":30,"column":2},"end":{"line":30,"column":3}},"loc":{"start":{"line":30,"column":38},"end":{"line":33,"column":3}},"line":30},"9":{"name":"(anonymous_9)","decl":{"start":{"line":31,"column":40},"end":{"line":31,"column":41}},"loc":{"start":{"line":31,"column":47},"end":{"line":31,"column":67}},"line":31},"10":{"name":"(anonymous_10)","decl":{"start":{"line":34,"column":2},"end":{"line":34,"column":3}},"loc":{"start":{"line":34,"column":27},"end":{"line":36,"column":3}},"line":34},"11":{"name":"(anonymous_11)","decl":{"start":{"line":35,"column":37},"end":{"line":35,"column":38}},"loc":{"start":{"line":35,"column":44},"end":{"line":35,"column":59}},"line":35},"12":{"name":"(anonymous_12)","decl":{"start":{"line":40,"column":2},"end":{"line":40,"column":3}},"loc":{"start":{"line":40,"column":39},"end":{"line":44,"column":3}},"line":40},"13":{"name":"(anonymous_13)","decl":{"start":{"line":41,"column":31},"end":{"line":41,"column":32}},"loc":{"start":{"line":41,"column":45},"end":{"line":43,"column":5}},"line":41},"14":{"name":"(anonymous_14)","decl":{"start":{"line":45,"column":2},"end":{"line":45,"column":3}},"loc":{"start":{"line":45,"column":33},"end":{"line":49,"column":3}},"line":45},"15":{"name":"(anonymous_15)","decl":{"start":{"line":46,"column":59},"end":{"line":46,"column":60}},"loc":{"start":{"line":46,"column":73},"end":{"line":48,"column":5}},"line":46},"16":{"name":"(anonymous_16)","decl":{"start":{"line":50,"column":2},"end":{"line":50,"column":3}},"loc":{"start":{"line":50,"column":33},"end":{"line":54,"column":3}},"line":50},"17":{"name":"(anonymous_17)","decl":{"start":{"line":51,"column":31},"end":{"line":51,"column":32}},"loc":{"start":{"line":51,"column":45},"end":{"line":53,"column":5}},"line":51},"18":{"name":"(anonymous_18)","decl":{"start":{"line":55,"column":2},"end":{"line":55,"column":3}},"loc":{"start":{"line":55,"column":45},"end":{"line":59,"column":3}},"line":55},"19":{"name":"(anonymous_19)","decl":{"start":{"line":56,"column":63},"end":{"line":56,"column":64}},"loc":{"start":{"line":56,"column":77},"end":{"line":58,"column":5}},"line":56},"20":{"name":"(anonymous_20)","decl":{"start":{"line":60,"column":2},"end":{"line":60,"column":3}},"loc":{"start":{"line":60,"column":37},"end":{"line":64,"column":3}},"line":60},"21":{"name":"(anonymous_21)","decl":{"start":{"line":61,"column":55},"end":{"line":61,"column":56}},"loc":{"start":{"line":61,"column":69},"end":{"line":63,"column":5}},"line":61},"22":{"name":"(anonymous_22)","decl":{"start":{"line":65,"column":2},"end":{"line":65,"column":3}},"loc":{"start":{"line":65,"column":31},"end":{"line":69,"column":3}},"line":65},"23":{"name":"(anonymous_23)","decl":{"start":{"line":66,"column":47},"end":{"line":66,"column":48}},"loc":{"start":{"line":66,"column":53},"end":{"line":68,"column":5}},"line":66}},"branchMap":{"0":{"loc":{"start":{"line":40,"column":23},"end":{"line":40,"column":37}},"type":"default-arg","locations":[{"start":{"line":40,"column":29},"end":{"line":40,"column":37}}],"line":40}},"s":{"0":4,"1":4,"2":4,"3":2,"4":4,"5":4,"6":2,"7":2,"8":0,"9":0,"10":1,"11":0,"12":0,"13":0,"14":0,"15":0,"16":0,"17":0,"18":0,"19":4,"20":2,"21":2,"22":0,"23":0,"24":0,"25":0,"26":0,"27":0,"28":0,"29":0,"30":0,"31":0},"f":{"0":4,"1":2,"2":4,"3":2,"4":0,"5":1,"6":0,"7":0,"8":0,"9":0,"10":0,"11":0,"12":2,"13":2,"14":0,"15":0,"16":0,"17":0,"18":0,"19":0,"20":0,"21":0,"22":0,"23":0},"b":{"0":[2]},"_coverageSchema":"1a1c01bbd47fc00a2c39e90264f33305004495a9","hash":"1853993848a488eb0eb2965d9b0be567c7dd6428"}
}
