TN:
SF:resources/js/components/HelloWorld.vue
FNF:0
FNH:0
DA:8,1
LF:1
LH:1
BRF:0
BRH:0
end_of_record
TN:
SF:resources/js/composables/category.js
FN:5,category
FN:14,(anonymous_1)
FN:18,(anonymous_2)
FN:22,(anonymous_3)
FN:30,(anonymous_4)
FNF:5
FNH:1
FNDA:2,category
FNDA:0,(anonymous_1)
FNDA:0,(anonymous_2)
FNDA:0,(anonymous_3)
FNDA:0,(anonymous_4)
DA:6,2
DA:10,2
DA:11,2
DA:12,2
DA:14,2
DA:15,0
DA:16,0
DA:17,0
DA:19,0
DA:20,0
DA:21,0
DA:23,0
DA:24,0
DA:26,0
DA:30,2
DA:31,0
DA:34,2
LF:17
LH:7
BRDA:23,0,0,0
BRDA:23,0,1,0
BRDA:23,1,0,0
BRDA:23,1,1,0
BRF:4
BRH:0
end_of_record
TN:
SF:resources/js/composables/taskComments.js
FN:5,taskComments
FN:16,(anonymous_1)
FN:17,(anonymous_2)
FN:22,(anonymous_3)
FN:26,(anonymous_4)
FN:30,(anonymous_5)
FN:38,(anonymous_6)
FN:40,(anonymous_7)
FN:41,(anonymous_8)
FNF:9
FNH:1
FNDA:14,taskComments
FNDA:0,(anonymous_1)
FNDA:0,(anonymous_2)
FNDA:0,(anonymous_3)
FNDA:0,(anonymous_4)
FNDA:0,(anonymous_5)
FNDA:0,(anonymous_6)
FNDA:0,(anonymous_7)
FNDA:0,(anonymous_8)
DA:6,14
DA:7,14
DA:10,14
DA:11,14
DA:12,14
DA:14,14
DA:16,14
DA:17,0
DA:18,0
DA:22,14
DA:23,0
DA:24,0
DA:25,0
DA:27,0
DA:28,0
DA:29,0
DA:31,0
DA:32,0
DA:34,0
DA:38,14
DA:39,0
DA:41,0
DA:45,14
LF:23
LH:10
BRDA:12,0,0,0
BRDA:12,0,1,14
BRDA:31,1,0,0
BRDA:31,1,1,0
BRDA:31,2,0,0
BRDA:31,2,1,0
BRF:6
BRH:1
end_of_record
TN:
SF:resources/js/composables/tasks.js
FN:5,tasks
FN:17,(anonymous_1)
FN:21,(anonymous_2)
FN:27,(anonymous_3)
FN:35,(anonymous_4)
FN:39,(anonymous_5)
FN:43,(anonymous_6)
FN:47,(anonymous_7)
FN:49,(anonymous_8)
FN:52,(anonymous_9)
FN:61,(anonymous_10)
FN:65,(anonymous_11)
FN:69,(anonymous_12)
FNF:13
FNH:5
FNDA:8,tasks
FNDA:2,(anonymous_1)
FNDA:1,(anonymous_2)
FNDA:1,(anonymous_3)
FNDA:0,(anonymous_4)
FNDA:0,(anonymous_5)
FNDA:0,(anonymous_6)
FNDA:4,(anonymous_7)
FNDA:0,(anonymous_8)
FNDA:0,(anonymous_9)
FNDA:0,(anonymous_10)
FNDA:0,(anonymous_11)
FNDA:0,(anonymous_12)
DA:6,8
DA:12,8
DA:13,8
DA:14,8
DA:15,8
DA:17,8
DA:18,2
DA:19,2
DA:20,2
DA:22,1
DA:23,1
DA:24,1
DA:25,1
DA:26,1
DA:28,1
DA:29,1
DA:31,1
DA:35,8
DA:36,0
DA:39,8
DA:40,0
DA:43,8
DA:44,0
DA:47,8
DA:49,8
DA:50,0
DA:51,0
DA:52,0
DA:53,0
DA:56,0
DA:61,8
DA:62,0
DA:65,8
DA:66,0
DA:69,8
DA:70,0
DA:73,8
LF:37
LH:26
BRDA:28,0,0,1
BRDA:28,0,1,0
BRDA:28,1,0,1
BRDA:28,1,1,1
BRDA:51,2,0,0
BRDA:51,2,1,0
BRF:6
BRH:3
end_of_record
TN:
SF:resources/js/layouts/Guest.vue
FN:21,(anonymous_0)
FNF:1
FNH:1
FNDA:3,(anonymous_0)
DA:19,1
DA:22,3
DA:23,3
LF:3
LH:3
BRF:0
BRH:0
end_of_record
TN:
SF:resources/js/plugins/axios.js
FN:5,(anonymous_0)
FN:15,(anonymous_1)
FN:20,(anonymous_2)
FNF:3
FNH:3
FNDA:11,(anonymous_0)
FNDA:5,(anonymous_1)
FNDA:5,(anonymous_2)
DA:5,4
DA:6,11
DA:7,11
DA:8,11
DA:9,11
DA:10,11
DA:12,11
DA:15,4
DA:16,5
DA:17,5
DA:20,4
DA:21,5
DA:22,5
DA:27,5
DA:30,5
DA:36,5
LF:16
LH:16
BRDA:22,0,0,5
BRDA:22,0,1,0
BRDA:27,1,0,3
BRDA:27,1,1,2
BRDA:30,2,0,0
BRDA:30,2,1,5
BRDA:30,3,0,5
BRDA:30,3,1,5
BRDA:30,3,2,5
BRF:9
BRH:7
end_of_record
TN:
SF:resources/js/router/index.js
FN:6,(anonymous_0)
FN:8,(anonymous_1)
FN:14,(anonymous_2)
FN:19,(anonymous_3)
FN:38,(anonymous_4)
FN:44,(anonymous_5)
FN:51,(anonymous_6)
FNF:7
FNH:6
FNDA:2,(anonymous_0)
FNDA:1,(anonymous_1)
FNDA:5,(anonymous_2)
FNDA:2,(anonymous_3)
FNDA:1,(anonymous_4)
FNDA:0,(anonymous_5)
FNDA:3,(anonymous_6)
DA:6,4
DA:7,2
DA:8,2
DA:9,1
DA:14,4
DA:15,5
DA:16,3
DA:17,3
DA:19,2
DA:20,2
DA:24,4
DA:38,1
DA:44,0
DA:48,4
DA:52,3
DA:53,0
DA:55,3
LF:17
LH:15
BRDA:7,0,0,2
BRDA:7,0,1,0
BRDA:9,1,0,0
BRDA:9,1,1,1
BRDA:15,2,0,3
BRDA:15,2,1,2
BRDA:20,3,0,0
BRDA:20,3,1,2
BRDA:52,4,0,0
BRDA:52,4,1,3
BRF:10
BRH:6
end_of_record
TN:
SF:resources/js/store/index.js
FNF:0
FNH:0
LF:0
LH:0
BRF:0
BRH:0
end_of_record
TN:
SF:resources/js/store/modules/auth.js
FN:4,(anonymous_0)
FN:10,(anonymous_1)
FN:11,(anonymous_2)
FN:15,(anonymous_3)
FN:18,(anonymous_4)
FN:24,(anonymous_5)
FN:28,(anonymous_6)
FN:29,(anonymous_7)
FN:32,(anonymous_8)
FN:37,(anonymous_9)
FNF:10
FNH:7
FNDA:4,(anonymous_0)
FNDA:10,(anonymous_1)
FNDA:0,(anonymous_2)
FNDA:6,(anonymous_3)
FNDA:6,(anonymous_4)
FNDA:3,(anonymous_5)
FNDA:4,(anonymous_6)
FNDA:0,(anonymous_7)
FNDA:3,(anonymous_8)
FNDA:0,(anonymous_9)
DA:4,4
DA:9,4
DA:10,10
DA:11,0
DA:14,4
DA:16,6
DA:19,6
DA:23,4
DA:25,3
DA:26,3
DA:29,4
DA:30,0
DA:31,0
DA:33,3
DA:34,3
DA:38,0
DA:39,0
LF:17
LH:12
BRF:0
BRH:0
end_of_record
TN:
SF:resources/js/store/modules/category.js
FN:4,(anonymous_0)
FN:9,(anonymous_1)
FN:13,(anonymous_2)
FN:16,(anonymous_3)
FN:19,(anonymous_4)
FN:20,(anonymous_5)
FN:25,(anonymous_6)
FN:26,(anonymous_7)
FN:30,(anonymous_8)
FN:31,(anonymous_9)
FNF:10
FNH:5
FNDA:4,(anonymous_0)
FNDA:9,(anonymous_1)
FNDA:1,(anonymous_2)
FNDA:0,(anonymous_3)
FNDA:0,(anonymous_4)
FNDA:0,(anonymous_5)
FNDA:1,(anonymous_6)
FNDA:1,(anonymous_7)
FNDA:0,(anonymous_8)
FNDA:0,(anonymous_9)
DA:4,4
DA:8,4
DA:9,9
DA:12,4
DA:14,1
DA:17,0
DA:20,0
DA:24,4
DA:26,1
DA:27,1
DA:31,0
DA:32,0
LF:12
LH:8
BRF:0
BRH:0
end_of_record
TN:
SF:resources/js/store/modules/tasks.js
FN:4,(anonymous_0)
FN:10,(anonymous_1)
FN:11,(anonymous_2)
FN:15,(anonymous_3)
FN:19,(anonymous_4)
FN:23,(anonymous_5)
FN:26,(anonymous_6)
FN:27,(anonymous_7)
FN:30,(anonymous_8)
FN:31,(anonymous_9)
FN:34,(anonymous_10)
FN:35,(anonymous_11)
FN:40,(anonymous_12)
FN:41,(anonymous_13)
FN:45,(anonymous_14)
FN:46,(anonymous_15)
FN:50,(anonymous_16)
FN:51,(anonymous_17)
FN:55,(anonymous_18)
FN:56,(anonymous_19)
FN:60,(anonymous_20)
FN:61,(anonymous_21)
FN:65,(anonymous_22)
FN:66,(anonymous_23)
FNF:24
FNH:7
FNDA:4,(anonymous_0)
FNDA:2,(anonymous_1)
FNDA:4,(anonymous_2)
FNDA:2,(anonymous_3)
FNDA:0,(anonymous_4)
FNDA:1,(anonymous_5)
FNDA:0,(anonymous_6)
FNDA:0,(anonymous_7)
FNDA:0,(anonymous_8)
FNDA:0,(anonymous_9)
FNDA:0,(anonymous_10)
FNDA:0,(anonymous_11)
FNDA:2,(anonymous_12)
FNDA:2,(anonymous_13)
FNDA:0,(anonymous_14)
FNDA:0,(anonymous_15)
FNDA:0,(anonymous_16)
FNDA:0,(anonymous_17)
FNDA:0,(anonymous_18)
FNDA:0,(anonymous_19)
FNDA:0,(anonymous_20)
FNDA:0,(anonymous_21)
FNDA:0,(anonymous_22)
FNDA:0,(anonymous_23)
DA:4,4
DA:9,4
DA:10,2
DA:11,4
DA:14,4
DA:16,2
DA:17,2
DA:20,0
DA:21,0
DA:24,1
DA:27,0
DA:28,0
DA:31,0
DA:32,0
DA:35,0
DA:39,4
DA:41,2
DA:42,2
DA:46,0
DA:47,0
DA:51,0
DA:52,0
DA:56,0
DA:57,0
DA:61,0
DA:62,0
DA:66,0
DA:67,0
LF:28
LH:11
BRDA:40,0,0,2
BRF:1
BRH:1
end_of_record
